<?xml version="1.0"?>
<?mso-application progid="Excel.Sheet"?>
<Workbook xmlns="urn:schemas-microsoft-com:office:spreadsheet"
 xmlns:o="urn:schemas-microsoft-com:office:office"
 xmlns:x="urn:schemas-microsoft-com:office:excel"
 xmlns:ss="urn:schemas-microsoft-com:office:spreadsheet"
 xmlns:html="http://www.w3.org/TR/REC-html40">
 <DocumentProperties xmlns="urn:schemas-microsoft-com:office:office">
  <Version>11.5606</Version>
 </DocumentProperties>
 <ExcelWorkbook xmlns="urn:schemas-microsoft-com:office:excel">
  <WindowHeight>10005</WindowHeight>
  <WindowWidth>10005</WindowWidth>
  <WindowTopX>120</WindowTopX>
  <WindowTopY>135</WindowTopY>
  <ProtectStructure>False</ProtectStructure>
  <ProtectWindows>False</ProtectWindows>
 </ExcelWorkbook>
 <Styles>
  <Style ss:ID="Default" ss:Name="Normal">
   <Alignment ss:Vertical="Bottom"/>
   <Borders/>
   <Font/>
   <Interior/>
   <NumberFormat/>
   <Protection/>
  </Style>
 </Styles>
 <Worksheet ss:Name="MSBC">
  <Table ss:ExpandedColumnCount="14" ss:ExpandedRowCount="6" x:FullColumns="1"
   x:FullRows="1">
   <Column ss:Index="5" ss:Width="48.75"/>
   <Column ss:Width="63"/>
   <Column ss:Index="9" ss:Width="48.75"/>
   <Row>
    <Cell><Data ss:Type="String">Date envoyé</Data></Cell>
    <Cell><Data ss:Type="String">Envoyé par test</Data></Cell>
    <Cell><Data ss:Type="String">Année</Data></Cell>
    <Cell><Data ss:Type="String">Mois</Data></Cell>
    <Cell><Data ss:Type="String">Jour</Data></Cell>
    <Cell><Data ss:Type="String">Code du RC</Data></Cell>
    <Cell><Data ss:Type="String">Type de patient</Data></Cell>
    <Cell><Data ss:Type="String">Nom</Data></Cell>
    <Cell><Data ss:Type="String">Age</Data></Cell>
    <Cell><Data ss:Type="String">Nom de la mère ou de l'accompagnant</Data></Cell>
    <Cell><Data ss:Type="String">Patient traité pour</Data></Cell>
    <Cell><Data ss:Type="String">Recommandations/Conseils</Data></Cell>
    <Cell><Data ss:Type="String">Précisions pour recommandations</Data></Cell>
    <Cell><Data ss:Type="String">Nom de l'agent de santé</Data></Cell>
   </Row>
   <Row>
    <Cell><Data ss:Type="String">1-18-12 15:00</Data></Cell>
    <Cell><Data ss:Type="String">+15551212</Data></Cell>
    <Cell><Data ss:Type="String">2012</Data></Cell>
    <Cell><Data ss:Type="String">1</Data></Cell>
    <Cell><Data ss:Type="Number">16</Data></Cell>
    <Cell><Data ss:Type="Number">12345678901</Data></Cell>
    <Cell><Data ss:Type="String">Autre</Data></Cell>
    <Cell><Data ss:Type="String">abcdefghijklmnopqrst</Data></Cell>
    <Cell><Data ss:Type="Number">31</Data></Cell>
    <Cell><Data ss:Type="String">bcdefghijklmnopqrstu</Data></Cell>
    <Cell><Data ss:Type="String">cdefghijklmnopqrstuv</Data></Cell>
    <Cell><Data ss:Type="String">Référé</Data></Cell>
    <Cell><Data ss:Type="String">defghijklmnopqrstuvw</Data></Cell>
    <Cell><Data ss:Type="String">efghijklmnopqrstuvwxyzabcdefghijklm</Data></Cell>
   </Row>
   <Row>
    <Cell><Data ss:Type="String">1-18-12 16:00</Data></Cell>
    <Cell><Data ss:Type="String">+15551212</Data></Cell>
    <Cell><Data ss:Type="String">2012</Data></Cell>
    <Cell><Data ss:Type="String">1</Data></Cell>
    <Cell><Data ss:Type="Number">16</Data></Cell>
    <Cell><Data ss:Type="Number">12345678901</Data></Cell>
    <Cell><Data ss:Type="String">Autre</Data></Cell>
    <Cell><Data ss:Type="String">abcdefghijklmnopqrst</Data></Cell>
    <Cell><Data ss:Type="Number">31</Data></Cell>
    <Cell><Data ss:Type="String">bcdefghijklmnopqrstu</Data></Cell>
    <Cell><Data ss:Type="String">cdefghijklmnopqrstuv</Data></Cell>
    <Cell><Data ss:Type="String">Référé</Data></Cell>
    <Cell><Data ss:Type="String">defghijklmnopqrstuvw</Data></Cell>
    <Cell><Data ss:Type="String">efghijklmnopqrstuvwxyzabcdefghijklm</Data></Cell>
   </Row>
   <Row>
    <Cell><Data ss:Type="String">1-18-12 17:00</Data></Cell>
    <Cell><Data ss:Type="String">+15551212</Data></Cell>
    <Cell><Data ss:Type="String">2012</Data></Cell>
    <Cell><Data ss:Type="String">1</Data></Cell>
    <Cell><Data ss:Type="Number">16</Data></Cell>
    <Cell><Data ss:Type="Number">12345678901</Data></Cell>
    <Cell><Data ss:Type="String">Autre</Data></Cell>
    <Cell><Data ss:Type="String">abcdefghijklmnopqrst</Data></Cell>
    <Cell><Data ss:Type="Number">31</Data></Cell>
    <Cell><Data ss:Type="String">bcdefghijklmnopqrstu</Data></Cell>
    <Cell><Data ss:Type="String">cdefghijklmnopqrstuv</Data></Cell>
    <Cell><Data ss:Type="String">Référé</Data></Cell>
    <Cell><Data ss:Type="String">defghijklmnopqrstuvw</Data></Cell>
    <Cell><Data ss:Type="String">efghijklmnopqrstuvwxyzabcdefghijklm</Data></Cell>
   </Row>
   <Row>
    <Cell><Data ss:Type="String">1-18-12 18:00</Data></Cell>
    <Cell><Data ss:Type="String">+15551212</Data></Cell>
    <Cell><Data ss:Type="String">2012</Data></Cell>
    <Cell><Data ss:Type="String">1</Data></Cell>
    <Cell><Data ss:Type="Number">16</Data></Cell>
    <Cell><Data ss:Type="Number">12345678901</Data></Cell>
    <Cell><Data ss:Type="String">Autre</Data></Cell>
    <Cell><Data ss:Type="String">abcdefghijklmnopqrst</Data></Cell>
    <Cell><Data ss:Type="Number">31</Data></Cell>
    <Cell><Data ss:Type="String">bcdefghijklmnopqrstu</Data></Cell>
    <Cell><Data ss:Type="String">cdefghijklmnopqrstuv</Data></Cell>
    <Cell><Data ss:Type="String">Référé</Data></Cell>
    <Cell><Data ss:Type="String">defghijklmnopqrstuvw</Data></Cell>
    <Cell><Data ss:Type="String">efghijklmnopqrstuvwxyzabcdefghijklm</Data></Cell>
   </Row>
   <Row>
    <Cell><Data ss:Type="String">1-18-12 19:00</Data></Cell>
    <Cell><Data ss:Type="String">+15551212</Data></Cell>
    <Cell><Data ss:Type="String">2012</Data></Cell>
    <Cell><Data ss:Type="String">1</Data></Cell>
    <Cell><Data ss:Type="Number">16</Data></Cell>
    <Cell><Data ss:Type="Number">12345678901</Data></Cell>
    <Cell><Data ss:Type="String">Autre</Data></Cell>
    <Cell><Data ss:Type="String">abcdefghijklmnopqrst</Data></Cell>
    <Cell><Data ss:Type="Number">31</Data></Cell>
    <Cell><Data ss:Type="String">bcdefghijklmnopqrstu</Data></Cell>
    <Cell><Data ss:Type="String">cdefghijklmnopqrstuv</Data></Cell>
    <Cell><Data ss:Type="String">Référé</Data></Cell>
    <Cell><Data ss:Type="String">defghijklmnopqrstuvw</Data></Cell>
    <Cell><Data ss:Type="String">efghijklmnopqrstuvwxyzabcdefghijklm</Data></Cell>
   </Row>
  </Table>
  <WorksheetOptions xmlns="urn:schemas-microsoft-com:office:excel">
   <Selected/>
   <Panes>
    <Pane>
     <Number>3</Number>
     <ActiveCol>1</ActiveCol>
    </Pane>
   </Panes>
   <ProtectObjects>False</ProtectObjects>
   <ProtectScenarios>False</ProtectScenarios>
  </WorksheetOptions>
 </Worksheet>
</Workbook>
